11-09-2025 09:58:31 DEBUG this is a debug message: 
11-09-2025 09:58:31 ERROR this is an info message; 
11-09-2025 09:58:31 WARNING This is a warning message; 
11-09-2025 09:58:31 ERROR this is an error message; 
11-09-2025 09:58:31 CRITICAL this is a critical message; 
11-09-2025 09:58:48 DEBUG this is a debug message: 
11-09-2025 09:58:48 ERROR this is an info message; 
11-09-2025 09:58:48 WARNING This is a warning message; 
11-09-2025 09:58:48 ERROR this is an error message; 
11-09-2025 09:58:48 CRITICAL this is a critical message; 
11-09-2025 09:59:01 DEBUG this is a debug message: 
11-09-2025 09:59:01 ERROR this is an info message; 
11-09-2025 09:59:01 WARNING This is a warning message; 
11-09-2025 09:59:01 ERROR this is an error message; 
11-09-2025 09:59:01 CRITICAL this is a critical message; 
11-09-2025 20:18:16 DEBUG this is a debug message: 
11-09-2025 20:18:16 ERROR this is an info message; 
11-09-2025 20:18:16 WARNING This is a warning message; 
11-09-2025 20:18:16 ERROR this is an error message; 
11-09-2025 20:18:16 CRITICAL this is a critical message; 
11-09-2025 20:22:35 DEBUG this is a debug message: 
11-09-2025 20:22:35 ERROR this is an info message; 
11-09-2025 20:22:35 WARNING This is a warning message; 
11-09-2025 20:22:35 ERROR this is an error message; 
11-09-2025 20:22:35 CRITICAL this is a critical message; 
11-09-2025 20:42:33 DEBUG this is a debug message: 
11-09-2025 20:42:33 ERROR this is an info message; 
11-09-2025 20:42:33 WARNING This is a warning message; 
11-09-2025 20:42:33 ERROR this is an error message; 
11-09-2025 20:42:33 CRITICAL this is a critical message; 
11-09-2025 20:42:33 ERROR an error has being found
11-09-2025 20:43:54 DEBUG this is a debug message: 
11-09-2025 20:43:54 ERROR this is an info message; 
11-09-2025 20:43:54 WARNING This is a warning message; 
11-09-2025 20:43:54 ERROR this is an error message; 
11-09-2025 20:43:54 CRITICAL this is a critical message; 
11-09-2025 20:43:54 ERROR an error has being found
11-09-2025 20:44:16 DEBUG this is a debug message: 
11-09-2025 20:44:16 ERROR this is an info message; 
11-09-2025 20:44:16 WARNING This is a warning message; 
11-09-2025 20:44:16 ERROR this is an error message; 
11-09-2025 20:44:16 CRITICAL this is a critical message; 
11-09-2025 20:45:18 DEBUG this is a debug message: 
11-09-2025 20:45:18 ERROR this is an info message; 
11-09-2025 20:45:18 WARNING This is a warning message; 
11-09-2025 20:45:18 ERROR this is an error message; 
11-09-2025 20:45:18 CRITICAL this is a critical message; 
11-09-2025 20:45:18 ERROR an error has being found
11-09-2025 20:45:59 DEBUG this is a debug message: 
11-09-2025 20:45:59 ERROR this is an info message; 
11-09-2025 20:45:59 WARNING This is a warning message; 
11-09-2025 20:45:59 ERROR this is an error message; 
11-09-2025 20:45:59 CRITICAL this is a critical message; 
11-09-2025 20:45:59 ERROR an error has being found
11-09-2025 20:46:34 DEBUG this is a debug message: 
11-09-2025 20:46:34 ERROR this is an info message; 
11-09-2025 20:46:34 WARNING This is a warning message; 
11-09-2025 20:46:34 ERROR this is an error message; 
11-09-2025 20:46:34 CRITICAL this is a critical message; 
11-09-2025 20:46:54 DEBUG this is a debug message: 
11-09-2025 20:46:54 ERROR this is an info message; 
11-09-2025 20:46:54 WARNING This is a warning message; 
11-09-2025 20:46:54 ERROR this is an error message; 
11-09-2025 20:46:54 CRITICAL this is a critical message; 
11-09-2025 20:47:35 DEBUG this is a debug message: 
11-09-2025 20:47:35 ERROR this is an info message; 
11-09-2025 20:47:35 WARNING This is a warning message; 
11-09-2025 20:47:35 ERROR this is an error message; 
11-09-2025 20:47:35 CRITICAL this is a critical message; 
11-09-2025 20:47:35 ERROR an error has being found
11-09-2025 20:48:57 DEBUG this is a debug message: 
11-09-2025 20:48:57 ERROR this is an info message; 
11-09-2025 20:48:57 WARNING This is a warning message; 
11-09-2025 20:48:57 ERROR this is an error message; 
11-09-2025 20:48:57 CRITICAL this is a critical message; 
11-09-2025 20:49:26 DEBUG this is a debug message: 
11-09-2025 20:49:26 ERROR this is an info message; 
11-09-2025 20:49:26 WARNING This is a warning message; 
11-09-2025 20:49:26 ERROR this is an error message; 
11-09-2025 20:49:26 CRITICAL this is a critical message; 
11-09-2025 20:49:26 ERROR an error has being found
11-09-2025 20:53:28 DEBUG this is a debug message: 
11-09-2025 20:53:28 ERROR this is an info message; 
11-09-2025 20:53:28 WARNING This is a warning message; 
11-09-2025 20:53:28 ERROR this is an error message; 
11-09-2025 20:53:28 CRITICAL this is a critical message; 
11-09-2025 20:54:22 DEBUG this is a debug message: 
11-09-2025 20:54:22 ERROR this is an info message; 
11-09-2025 20:54:22 WARNING This is a warning message; 
11-09-2025 20:54:22 ERROR this is an error message; 
11-09-2025 20:54:22 CRITICAL this is a critical message; 
11-09-2025 20:59:06 DEBUG this is a debug message: 
11-09-2025 20:59:06 ERROR this is an info message; 
11-09-2025 20:59:06 WARNING This is a warning message; 
11-09-2025 20:59:06 ERROR this is an error message; 
11-09-2025 20:59:06 CRITICAL this is a critical message; 
11-09-2025 20:59:06 ERROR an error has being found
11-09-2025 21:00:36 DEBUG this is a debug message: 
11-09-2025 21:00:36 ERROR this is an info message; 
11-09-2025 21:00:36 WARNING This is a warning message; 
11-09-2025 21:00:36 ERROR this is an error message; 
11-09-2025 21:00:36 CRITICAL this is a critical message; 
11-09-2025 21:00:36 ERROR an error has being found
11-09-2025 21:03:17 DEBUG this is a debug message: 
11-09-2025 21:03:17 ERROR this is an info message; 
11-09-2025 21:03:17 WARNING This is a warning message; 
11-09-2025 21:03:17 ERROR this is an error message; 
11-09-2025 21:03:17 CRITICAL this is a critical message; 
11-09-2025 21:03:17 ERROR an error has being found
11-09-2025 21:03:51 DEBUG this is a debug message: 
11-09-2025 21:03:51 ERROR this is an info message; 
11-09-2025 21:03:51 WARNING This is a warning message; 
11-09-2025 21:03:51 ERROR this is an error message; 
11-09-2025 21:03:51 CRITICAL this is a critical message; 
11-09-2025 21:03:51 ERROR an error has being found
11-09-2025 21:04:29 DEBUG this is a debug message: 
11-09-2025 21:04:29 ERROR this is an info message; 
11-09-2025 21:04:29 WARNING This is a warning message; 
11-09-2025 21:04:29 ERROR this is an error message; 
11-09-2025 21:04:29 CRITICAL this is a critical message; 
11-09-2025 21:05:23 DEBUG this is a debug message: 
11-09-2025 21:05:23 ERROR this is an info message; 
11-09-2025 21:05:23 WARNING This is a warning message; 
11-09-2025 21:05:23 ERROR this is an error message; 
11-09-2025 21:05:23 CRITICAL this is a critical message; 
11-09-2025 21:05:49 DEBUG this is a debug message: 
11-09-2025 21:05:49 ERROR this is an info message; 
11-09-2025 21:05:49 WARNING This is a warning message; 
11-09-2025 21:05:49 ERROR this is an error message; 
11-09-2025 21:05:49 CRITICAL this is a critical message; 
11-09-2025 21:06:25 DEBUG this is a debug message: 
11-09-2025 21:06:25 ERROR this is an info message; 
11-09-2025 21:06:25 WARNING This is a warning message; 
11-09-2025 21:06:25 ERROR this is an error message; 
11-09-2025 21:06:25 CRITICAL this is a critical message; 
11-09-2025 21:23:36 ERROR an error has occured
13-09-2025 08:00:08 ERROR zerodivision has occured
13-09-2025 08:04:28 ERROR zerodivision has occured
13-09-2025 08:17:21 ERROR the user has left blank space
13-09-2025 08:37:47 ERROR the user has not entered a number
13-09-2025 08:38:07 ERROR the user has not entered a number
13-09-2025 08:38:10 ERROR the user has not entered a number
28-09-2025 13:57:32 ERROR the user has left blank space
28-09-2025 13:57:44 ERROR the user has left blank space
28-09-2025 13:57:48 ERROR the user has left blank space
28-09-2025 13:57:59 CRITICAL the user hasnt entered any thing
28-09-2025 14:02:00 ERROR the user has left blank space
28-09-2025 14:02:01 ERROR the user has left blank space
28-09-2025 14:02:02 ERROR the user has left blank space
28-09-2025 14:02:09 CRITICAL the user hasnt entered any thing
28-09-2025 14:02:54 ERROR the user has left blank space
28-09-2025 14:02:55 ERROR the user has left blank space
28-09-2025 14:03:02 CRITICAL the user hasnt entered any thing
28-09-2025 14:03:39 ERROR the user has left blank space
28-09-2025 14:03:42 ERROR the user has left blank space
28-09-2025 14:03:48 CRITICAL the user hasnt entered any thing
28-09-2025 14:06:41 ERROR the user has left blank space
28-09-2025 14:06:42 ERROR the user has left blank space
28-09-2025 14:06:44 ERROR the user has left blank space
28-09-2025 14:06:53 CRITICAL the user hasnt entered any thing
28-09-2025 14:07:33 ERROR the user has left blank space
28-09-2025 14:07:34 ERROR the user has left blank space
28-09-2025 14:07:38 CRITICAL the user hasnt entered any thing
28-09-2025 14:09:14 ERROR the user has left blank space
28-09-2025 14:09:16 ERROR the user has left blank space
28-09-2025 14:09:22 CRITICAL the user hasnt entered any thing
28-09-2025 14:10:27 ERROR the user has left blank space
28-09-2025 14:10:28 ERROR the user has left blank space
28-09-2025 14:10:33 CRITICAL the user hasnt entered any thing
28-09-2025 14:11:15 ERROR the user has left blank space
28-09-2025 14:11:17 ERROR the user has left blank space
28-09-2025 14:11:22 CRITICAL the user hasnt entered any thing
28-09-2025 14:14:50 ERROR the user has left blank space
28-09-2025 14:14:52 ERROR the user has left blank space
28-09-2025 14:14:53 ERROR the user has left blank space
28-09-2025 14:16:50 ERROR the user has left blank space
28-09-2025 14:16:51 ERROR the user has left blank space
28-09-2025 14:16:53 ERROR the user has left blank space
28-09-2025 14:17:54 ERROR the user has left blank space
28-09-2025 14:17:55 ERROR the user has left blank space
28-09-2025 14:17:58 ERROR the user has left blank space
28-09-2025 14:18:03 CRITICAL the user hasnt entered any thing
28-09-2025 14:18:46 ERROR the user has left blank space
28-09-2025 14:18:48 ERROR the user has left blank space
28-09-2025 14:18:52 CRITICAL the user hasnt entered any thing
28-09-2025 14:18:57 CRITICAL the user hasnt entered any thing
28-09-2025 14:19:03 CRITICAL the user hasnt entered any thing
